This is XeTeX, Version 3.14159265-2.6-0.99992 (TeX Live 2015/Debian) (preloaded format=xelatex 2016.5.5)  25 MAY 2016 14:33
entering extended mode
 restricted \write18 enabled.
 %&-line parsing enabled.
**vignette.tex
(./vignette.tex
LaTeX2e <2016/02/01>
Babel <3.9q> and hyphenation patterns for 81 language(s) loaded.
(/usr/share/texlive/texmf-dist/tex/latex/base/article.cls
Document Class: article 2014/09/29 v1.4h Standard LaTeX document class
(/usr/share/texlive/texmf-dist/tex/latex/base/size10.clo
File: size10.clo 2014/09/29 v1.4h Standard LaTeX file (size option)
)
\c@part=\count79
\c@section=\count80
\c@subsection=\count81
\c@subsubsection=\count82
\c@paragraph=\count83
\c@subparagraph=\count84
\c@figure=\count85
\c@table=\count86
\abovecaptionskip=\skip41
\belowcaptionskip=\skip42
\bibindent=\dimen102
)
(/usr/share/texlive/texmf-dist/tex/latex/graphics/graphicx.sty
Package: graphicx 2014/10/28 v1.0g Enhanced LaTeX Graphics (DPC,SPQR)

(/usr/share/texlive/texmf-dist/tex/latex/graphics/keyval.sty
Package: keyval 2014/10/28 v1.15 key=value parser (DPC)
\KV@toks@=\toks14
)
(/usr/share/texlive/texmf-dist/tex/latex/graphics/graphics.sty
Package: graphics 2016/01/03 v1.0q Standard LaTeX Graphics (DPC,SPQR)

(/usr/share/texlive/texmf-dist/tex/latex/graphics/trig.sty
Package: trig 2016/01/03 v1.10 sin cos tan (DPC)
)
(/usr/share/texlive/texmf-dist/tex/latex/latexconfig/graphics.cfg
File: graphics.cfg 2010/04/23 v1.9 graphics configuration of TeX Live
)
Package graphics Info: Driver file: xetex.def on input line 95.

(/usr/share/texlive/texmf-dist/tex/xelatex/xetex-def/xetex.def
File: xetex.def 2015/09/11 v4.06 LaTeX color/graphics driver for XeTeX (TeX Liv
e/RRM/JK)

(/usr/share/texlive/texmf-dist/tex/generic/oberdiek/infwarerr.sty
Package: infwarerr 2010/04/08 v1.3 Providing info/warning/error messages (HO)
)
(/usr/share/texlive/texmf-dist/tex/generic/oberdiek/ltxcmds.sty
Package: ltxcmds 2011/11/09 v1.22 LaTeX kernel commands for general use (HO)
)))
\Gin@req@height=\dimen103
\Gin@req@width=\dimen104
)
(/usr/share/texlive/texmf-dist/tex/latex/graphics/color.sty
Package: color 2016/01/03 v1.1b Standard LaTeX Color (DPC)

(/usr/share/texlive/texmf-dist/tex/latex/latexconfig/color.cfg
File: color.cfg 2007/01/18 v1.5 color configuration of teTeX/TeXLive
)
Package color Info: Driver file: xetex.def on input line 143.
)
(/usr/share/texlive/texmf-dist/tex/latex/framed/framed.sty
Package: framed 2011/10/22 v 0.96: framed or shaded text with page breaks
\OuterFrameSep=\skip43
\fb@frw=\dimen105
\fb@frh=\dimen106
\FrameRule=\dimen107
\FrameSep=\dimen108
)
(/usr/share/texlive/texmf-dist/tex/latex/base/alltt.sty
Package: alltt 1997/06/16 v2.0g defines alltt environment
)
(/usr/share/texlive/texmf-dist/tex/latex/psnfss/mathpazo.sty
Package: mathpazo 2005/04/12 PSNFSS-v9.2a Palatino w/ Pazo Math (D.Puga, WaS) 
\symupright=\mathgroup4
)
(/usr/share/texlive/texmf-dist/tex/latex/base/fontenc.sty
Package: fontenc 2005/09/27 v1.99g Standard LaTeX package

(/usr/share/texlive/texmf-dist/tex/latex/base/t1enc.def
File: t1enc.def 2005/09/27 v1.99g Standard LaTeX file
LaTeX Font Info:    Redeclaring font encoding T1 on input line 48.
))
(/usr/share/texlive/texmf-dist/tex/latex/geometry/geometry.sty
Package: geometry 2010/09/12 v5.6 Page Geometry

(/usr/share/texlive/texmf-dist/tex/generic/oberdiek/ifpdf.sty
Package: ifpdf 2011/01/30 v2.3 Provides the ifpdf switch (HO)
Package ifpdf Info: pdfTeX in PDF mode is not detected.
)
(/usr/share/texlive/texmf-dist/tex/generic/oberdiek/ifvtex.sty
Package: ifvtex 2010/03/01 v1.5 Detect VTeX and its facilities (HO)
Package ifvtex Info: VTeX not detected.
)
(/usr/share/texlive/texmf-dist/tex/generic/ifxetex/ifxetex.sty
Package: ifxetex 2010/09/12 v0.6 Provides ifxetex conditional
)
\Gm@cnth=\count87
\Gm@cntv=\count88
\c@Gm@tempcnt=\count89
\Gm@bindingoffset=\dimen109
\Gm@wd@mp=\dimen110
\Gm@odd@mp=\dimen111
\Gm@even@mp=\dimen112
\Gm@layoutwidth=\dimen113
\Gm@layoutheight=\dimen114
\Gm@layouthoffset=\dimen115
\Gm@layoutvoffset=\dimen116
\Gm@dimlist=\toks15
)
(/usr/share/texlive/texmf-dist/tex/latex/url/url.sty
\Urlmuskip=\muskip10
Package: url 2013/09/16  ver 3.4  Verb mode for urls, etc.
)
(/usr/share/texlive/texmf-dist/tex/latex/hyperref/hyperref.sty
Package: hyperref 2012/11/06 v6.83m Hypertext links for LaTeX

(/usr/share/texlive/texmf-dist/tex/generic/oberdiek/hobsub-hyperref.sty
Package: hobsub-hyperref 2012/05/28 v1.13 Bundle oberdiek, subset hyperref (HO)


(/usr/share/texlive/texmf-dist/tex/generic/oberdiek/hobsub-generic.sty
Package: hobsub-generic 2012/05/28 v1.13 Bundle oberdiek, subset generic (HO)
Package: hobsub 2012/05/28 v1.13 Construct package bundles (HO)
Package hobsub Info: Skipping package `infwarerr' (already loaded).
Package hobsub Info: Skipping package `ltxcmds' (already loaded).
Package: ifluatex 2010/03/01 v1.3 Provides the ifluatex switch (HO)
Package ifluatex Info: LuaTeX not detected.
Package hobsub Info: Skipping package `ifvtex' (already loaded).
Package: intcalc 2007/09/27 v1.1 Expandable calculations with integers (HO)
Package hobsub Info: Skipping package `ifpdf' (already loaded).
Package: etexcmds 2011/02/16 v1.5 Avoid name clashes with e-TeX commands (HO)
Package etexcmds Info: Could not find \expanded.
(etexcmds)             That can mean that you are not using pdfTeX 1.50 or
(etexcmds)             that some package has redefined \expanded.
(etexcmds)             In the latter case, load this package earlier.
Package: kvsetkeys 2012/04/25 v1.16 Key value parser (HO)
Package: kvdefinekeys 2011/04/07 v1.3 Define keys (HO)
Package: pdftexcmds 2011/11/29 v0.20 Utility functions of pdfTeX for LuaTeX (HO
)
Package pdftexcmds Info: LuaTeX not detected.
Package pdftexcmds Info: pdfTeX >= 1.30 not detected.
Package pdftexcmds Info: \pdf@primitive is available.
Package pdftexcmds Info: \pdf@ifprimitive is available.
Package pdftexcmds Info: \pdfdraftmode not found.
Package: pdfescape 2011/11/25 v1.13 Implements pdfTeX's escape features (HO)
Package: bigintcalc 2012/04/08 v1.3 Expandable calculations on big integers (HO
)
Package: bitset 2011/01/30 v1.1 Handle bit-vector datatype (HO)
Package: uniquecounter 2011/01/30 v1.2 Provide unlimited unique counter (HO)
)
Package hobsub Info: Skipping package `hobsub' (already loaded).
Package: letltxmacro 2010/09/02 v1.4 Let assignment for LaTeX macros (HO)
Package: hopatch 2012/05/28 v1.2 Wrapper for package hooks (HO)
Package: xcolor-patch 2011/01/30 xcolor patch
Package: atveryend 2011/06/30 v1.8 Hooks at the very end of document (HO)
Package atveryend Info: \enddocument detected (standard20110627).
Package: atbegshi 2011/10/05 v1.16 At begin shipout hook (HO)
Package: refcount 2011/10/16 v3.4 Data extraction from label references (HO)
Package: hycolor 2011/01/30 v1.7 Color options for hyperref/bookmark (HO)
)
(/usr/share/texlive/texmf-dist/tex/latex/oberdiek/auxhook.sty
Package: auxhook 2011/03/04 v1.3 Hooks for auxiliary files (HO)
)
(/usr/share/texlive/texmf-dist/tex/latex/oberdiek/kvoptions.sty
Package: kvoptions 2011/06/30 v3.11 Key value format for package options (HO)
)
\@linkdim=\dimen117
\Hy@linkcounter=\count90
\Hy@pagecounter=\count91

(/usr/share/texlive/texmf-dist/tex/latex/hyperref/pd1enc.def
File: pd1enc.def 2012/11/06 v6.83m Hyperref: PDFDocEncoding definition (HO)
)
\Hy@SavedSpaceFactor=\count92

(/usr/share/texlive/texmf-dist/tex/latex/latexconfig/hyperref.cfg
File: hyperref.cfg 2002/06/06 v1.2 hyperref configuration of TeXLive
)
Package hyperref Info: Option `unicode' set `true' on input line 4319.

(/usr/share/texlive/texmf-dist/tex/latex/hyperref/puenc.def
File: puenc.def 2012/11/06 v6.83m Hyperref: PDF Unicode definition (HO)
)
Package hyperref Info: Option `pdfusetitle' set `true' on input line 4319.
Package hyperref Info: Option `bookmarks' set `true' on input line 4319.
Package hyperref Info: Option `bookmarksnumbered' set `true' on input line 4319
.
Package hyperref Info: Option `bookmarksopen' set `true' on input line 4319.
Package hyperref Info: Option `breaklinks' set `false' on input line 4319.
Package hyperref Info: Option `colorlinks' set `false' on input line 4319.
Package hyperref Info: Hyper figures OFF on input line 4443.
Package hyperref Info: Link nesting OFF on input line 4448.
Package hyperref Info: Hyper index ON on input line 4451.
Package hyperref Info: Plain pages OFF on input line 4458.
Package hyperref Info: Backreferencing OFF on input line 4463.
Package hyperref Info: Implicit mode ON; LaTeX internals redefined.
Package hyperref Info: Bookmarks ON on input line 4688.
\c@Hy@tempcnt=\count93
LaTeX Info: Redefining \url on input line 5041.
\XeTeXLinkMargin=\dimen118
\Fld@menulength=\count94
\Field@Width=\dimen119
\Fld@charsize=\dimen120
Package hyperref Info: Hyper figures OFF on input line 6295.
Package hyperref Info: Link nesting OFF on input line 6300.
Package hyperref Info: Hyper index ON on input line 6303.
Package hyperref Info: backreferencing OFF on input line 6310.
Package hyperref Info: Link coloring OFF on input line 6315.
Package hyperref Info: Link coloring with OCG OFF on input line 6320.
Package hyperref Info: PDF/A mode OFF on input line 6325.
LaTeX Info: Redefining \ref on input line 6365.
LaTeX Info: Redefining \pageref on input line 6369.
\Hy@abspage=\count95
\c@Item=\count96
\c@Hfootnote=\count97
)

Package hyperref Message: Driver (autodetected): hxetex.

(/usr/share/texlive/texmf-dist/tex/latex/hyperref/hxetex.def
File: hxetex.def 2012/11/06 v6.83m Hyperref driver for XeTeX

(/usr/share/texlive/texmf-dist/tex/generic/oberdiek/stringenc.sty
Package: stringenc 2011/12/02 v1.10 Convert strings between diff. encodings (HO
)
)
\pdfm@box=\box26
\c@Hy@AnnotLevel=\count98
\HyField@AnnotCount=\count99
\Fld@listcount=\count100
\c@bookmark@seq@number=\count101

(/usr/share/texlive/texmf-dist/tex/latex/oberdiek/rerunfilecheck.sty
Package: rerunfilecheck 2011/04/15 v1.7 Rerun checks for auxiliary files (HO)
Package rerunfilecheck Info: Feature \pdfmdfivesum is not available
(rerunfilecheck)             (e.g. pdfTeX or LuaTeX with package `pdftexcmds').

(rerunfilecheck)             Therefore file contents cannot be checked efficien
tly
(rerunfilecheck)             and the loading of the package is aborted.
)
\Hy@SectionHShift=\skip44
)
(/usr/share/texlive/texmf-dist/tex/latex/upquote/upquote.sty
Package: upquote 2012/04/19 v1.3 upright-quote and grave-accent glyphs in verba
tim

(/usr/share/texlive/texmf-dist/tex/latex/base/textcomp.sty
Package: textcomp 2005/09/27 v1.99g Standard LaTeX package
Package textcomp Info: Sub-encoding information:
(textcomp)               5 = only ISO-Adobe without \textcurrency
(textcomp)               4 = 5 + \texteuro
(textcomp)               3 = 4 + \textohm
(textcomp)               2 = 3 + \textestimated + \textcurrency
(textcomp)               1 = TS1 - \textcircled - \t
(textcomp)               0 = TS1 (full)
(textcomp)             Font families with sub-encoding setting implement
(textcomp)             only a restricted character set as indicated.
(textcomp)             Family '?' is the default used for unknown fonts.
(textcomp)             See the documentation for details.
Package textcomp Info: Setting ? sub-encoding to TS1/1 on input line 79.

(/usr/share/texlive/texmf-dist/tex/latex/base/ts1enc.def
File: ts1enc.def 2001/06/05 v3.0e (jk/car/fm) Standard LaTeX file
)
LaTeX Info: Redefining \oldstylenums on input line 334.
Package textcomp Info: Setting cmr sub-encoding to TS1/0 on input line 349.
Package textcomp Info: Setting cmss sub-encoding to TS1/0 on input line 350.
Package textcomp Info: Setting cmtt sub-encoding to TS1/0 on input line 351.
Package textcomp Info: Setting cmvtt sub-encoding to TS1/0 on input line 352.
Package textcomp Info: Setting cmbr sub-encoding to TS1/0 on input line 353.
Package textcomp Info: Setting cmtl sub-encoding to TS1/0 on input line 354.
Package textcomp Info: Setting ccr sub-encoding to TS1/0 on input line 355.
Package textcomp Info: Setting ptm sub-encoding to TS1/4 on input line 356.
Package textcomp Info: Setting pcr sub-encoding to TS1/4 on input line 357.
Package textcomp Info: Setting phv sub-encoding to TS1/4 on input line 358.
Package textcomp Info: Setting ppl sub-encoding to TS1/3 on input line 359.
Package textcomp Info: Setting pag sub-encoding to TS1/4 on input line 360.
Package textcomp Info: Setting pbk sub-encoding to TS1/4 on input line 361.
Package textcomp Info: Setting pnc sub-encoding to TS1/4 on input line 362.
Package textcomp Info: Setting pzc sub-encoding to TS1/4 on input line 363.
Package textcomp Info: Setting bch sub-encoding to TS1/4 on input line 364.
Package textcomp Info: Setting put sub-encoding to TS1/5 on input line 365.
Package textcomp Info: Setting uag sub-encoding to TS1/5 on input line 366.
Package textcomp Info: Setting ugq sub-encoding to TS1/5 on input line 367.
Package textcomp Info: Setting ul8 sub-encoding to TS1/4 on input line 368.
Package textcomp Info: Setting ul9 sub-encoding to TS1/4 on input line 369.
Package textcomp Info: Setting augie sub-encoding to TS1/5 on input line 370.
Package textcomp Info: Setting dayrom sub-encoding to TS1/3 on input line 371.
Package textcomp Info: Setting dayroms sub-encoding to TS1/3 on input line 372.

Package textcomp Info: Setting pxr sub-encoding to TS1/0 on input line 373.
Package textcomp Info: Setting pxss sub-encoding to TS1/0 on input line 374.
Package textcomp Info: Setting pxtt sub-encoding to TS1/0 on input line 375.
Package textcomp Info: Setting txr sub-encoding to TS1/0 on input line 376.
Package textcomp Info: Setting txss sub-encoding to TS1/0 on input line 377.
Package textcomp Info: Setting txtt sub-encoding to TS1/0 on input line 378.
Package textcomp Info: Setting lmr sub-encoding to TS1/0 on input line 379.
Package textcomp Info: Setting lmdh sub-encoding to TS1/0 on input line 380.
Package textcomp Info: Setting lmss sub-encoding to TS1/0 on input line 381.
Package textcomp Info: Setting lmssq sub-encoding to TS1/0 on input line 382.
Package textcomp Info: Setting lmvtt sub-encoding to TS1/0 on input line 383.
Package textcomp Info: Setting lmtt sub-encoding to TS1/0 on input line 384.
Package textcomp Info: Setting qhv sub-encoding to TS1/0 on input line 385.
Package textcomp Info: Setting qag sub-encoding to TS1/0 on input line 386.
Package textcomp Info: Setting qbk sub-encoding to TS1/0 on input line 387.
Package textcomp Info: Setting qcr sub-encoding to TS1/0 on input line 388.
Package textcomp Info: Setting qcs sub-encoding to TS1/0 on input line 389.
Package textcomp Info: Setting qpl sub-encoding to TS1/0 on input line 390.
Package textcomp Info: Setting qtm sub-encoding to TS1/0 on input line 391.
Package textcomp Info: Setting qzc sub-encoding to TS1/0 on input line 392.
Package textcomp Info: Setting qhvc sub-encoding to TS1/0 on input line 393.
Package textcomp Info: Setting futs sub-encoding to TS1/4 on input line 394.
Package textcomp Info: Setting futx sub-encoding to TS1/4 on input line 395.
Package textcomp Info: Setting futj sub-encoding to TS1/4 on input line 396.
Package textcomp Info: Setting hlh sub-encoding to TS1/3 on input line 397.
Package textcomp Info: Setting hls sub-encoding to TS1/3 on input line 398.
Package textcomp Info: Setting hlst sub-encoding to TS1/3 on input line 399.
Package textcomp Info: Setting hlct sub-encoding to TS1/5 on input line 400.
Package textcomp Info: Setting hlx sub-encoding to TS1/5 on input line 401.
Package textcomp Info: Setting hlce sub-encoding to TS1/5 on input line 402.
Package textcomp Info: Setting hlcn sub-encoding to TS1/5 on input line 403.
Package textcomp Info: Setting hlcw sub-encoding to TS1/5 on input line 404.
Package textcomp Info: Setting hlcf sub-encoding to TS1/5 on input line 405.
Package textcomp Info: Setting pplx sub-encoding to TS1/3 on input line 406.
Package textcomp Info: Setting pplj sub-encoding to TS1/3 on input line 407.
Package textcomp Info: Setting ptmx sub-encoding to TS1/4 on input line 408.
Package textcomp Info: Setting ptmj sub-encoding to TS1/4 on input line 409.
)) (./vignette.aux)
\openout1 = `vignette.aux'.

LaTeX Font Info:    Checking defaults for OML/cmm/m/it on input line 67.
LaTeX Font Info:    ... okay on input line 67.
LaTeX Font Info:    Checking defaults for T1/cmr/m/n on input line 67.
LaTeX Font Info:    ... okay on input line 67.
LaTeX Font Info:    Checking defaults for OT1/cmr/m/n on input line 67.
LaTeX Font Info:    ... okay on input line 67.
LaTeX Font Info:    Checking defaults for OMS/cmsy/m/n on input line 67.
LaTeX Font Info:    ... okay on input line 67.
LaTeX Font Info:    Checking defaults for OMX/cmex/m/n on input line 67.
LaTeX Font Info:    ... okay on input line 67.
LaTeX Font Info:    Checking defaults for U/cmr/m/n on input line 67.
LaTeX Font Info:    ... okay on input line 67.
LaTeX Font Info:    Checking defaults for PD1/pdf/m/n on input line 67.
LaTeX Font Info:    ... okay on input line 67.
LaTeX Font Info:    Checking defaults for PU/pdf/m/n on input line 67.
LaTeX Font Info:    ... okay on input line 67.
LaTeX Font Info:    Checking defaults for TS1/cmr/m/n on input line 67.
LaTeX Font Info:    Try loading font information for TS1+cmr on input line 67.

(/usr/share/texlive/texmf-dist/tex/latex/base/ts1cmr.fd
File: ts1cmr.fd 2014/09/29 v2.5h Standard LaTeX font definitions
)
LaTeX Font Info:    ... okay on input line 67.
LaTeX Font Info:    Try loading font information for T1+pplx on input line 67.

(/usr/share/texlive/texmf-dist/tex/latex/psnfss/t1pplx.fd
File: t1pplx.fd 2004/09/06 font definitions for T1/pplx.
)
\big@size=\dimen121

*geometry* driver: auto-detecting
*geometry* detected driver: xetex

Package geometry Warning: The marginal notes overrun the paper.
     Add 4.86812pt and more to the right margin.

*geometry* verbose mode - [ preamble ] result:
* driver: xetex
* paper: <default>
* layout: <same size as paper>
* layoutoffset:(h,v)=(0.0pt,0.0pt)
* modes: 
* h-part:(L,W,R)=(71.13188pt, 472.03123pt, 71.13188pt)
* v-part:(T,H,B)=(71.13188pt, 652.70622pt, 71.13188pt)
* \paperwidth=614.295pt
* \paperheight=794.96999pt
* \textwidth=472.03123pt
* \textheight=652.70622pt
* \oddsidemargin=-1.1381pt
* \evensidemargin=-1.1381pt
* \topmargin=-38.1381pt
* \headheight=12.0pt
* \headsep=25.0pt
* \topskip=10.0pt
* \footskip=30.0pt
* \marginparwidth=65.0pt
* \marginparsep=11.0pt
* \columnsep=10.0pt
* \skip\footins=9.0pt plus 4.0pt minus 2.0pt
* \hoffset=0.0pt
* \voffset=0.0pt
* \mag=1000
* \@twocolumnfalse
* \@twosidefalse
* \@mparswitchfalse
* \@reversemarginfalse
* (1in=72.27pt=25.4mm, 1cm=28.453pt)

\AtBeginShipoutBox=\box27
Package hyperref Info: Link coloring OFF on input line 67.
(/usr/share/texlive/texmf-dist/tex/latex/hyperref/nameref.sty
Package: nameref 2012/10/27 v2.43 Cross-referencing by name of section

(/usr/share/texlive/texmf-dist/tex/generic/oberdiek/gettitlestring.sty
Package: gettitlestring 2010/12/03 v1.4 Cleanup title references (HO)
)
\c@section@level=\count102
)
LaTeX Info: Redefining \ref on input line 67.
LaTeX Info: Redefining \pageref on input line 67.
LaTeX Info: Redefining \nameref on input line 67.

(./vignette.out) (./vignette.out)
\@outlinefile=\write3
\openout3 = `vignette.out'.

LaTeX Font Info:    Try loading font information for OT1+pplx on input line 79.


(/usr/share/texlive/texmf-dist/tex/latex/psnfss/ot1pplx.fd
File: ot1pplx.fd 2004/09/06 font definitions for OT1/pplx.
)
LaTeX Font Info:    Try loading font information for OML+zplm on input line 79.


(/usr/share/texlive/texmf-dist/tex/latex/psnfss/omlzplm.fd
File: omlzplm.fd 2002/09/08 Fontinst v1.914 font definitions for OML/zplm.
)
LaTeX Font Info:    Try loading font information for OMS+zplm on input line 79.


(/usr/share/texlive/texmf-dist/tex/latex/psnfss/omszplm.fd
File: omszplm.fd 2002/09/08 Fontinst v1.914 font definitions for OMS/zplm.
)
LaTeX Font Info:    Try loading font information for OMX+zplm on input line 79.


(/usr/share/texlive/texmf-dist/tex/latex/psnfss/omxzplm.fd
File: omxzplm.fd 2002/09/08 Fontinst v1.914 font definitions for OMX/zplm.
)
LaTeX Font Info:    Try loading font information for OT1+zplm on input line 79.


(/usr/share/texlive/texmf-dist/tex/latex/psnfss/ot1zplm.fd
File: ot1zplm.fd 2002/09/08 Fontinst v1.914 font definitions for OT1/zplm.
)
LaTeX Font Info:    Font shape `T1/pplx/bx/n' in size <14.4> not available
(Font)              Font shape `T1/pplx/b/n' tried instead on input line 81.
Package color Info: Redefining color shadecolor on input line 84.
LaTeX Font Info:    Try loading font information for T1+cmtt on input line 85.

(/usr/share/texlive/texmf-dist/tex/latex/base/t1cmtt.fd
File: t1cmtt.fd 2014/09/29 v2.5h Standard LaTeX font definitions
)
LaTeX Font Info:    Font shape `T1/cmtt/bx/n' in size <10> not available
(Font)              Font shape `T1/cmtt/m/n' tried instead on input line 86.
LaTeX Font Info:    Try loading font information for TS1+cmtt on input line 87.


(/usr/share/texlive/texmf-dist/tex/latex/base/ts1cmtt.fd
File: ts1cmtt.fd 2014/09/29 v2.5h Standard LaTeX font definitions
) [1

]
Package color Info: Redefining color shadecolor on input line 102.

Overfull \hbox (12.58653pt too wide) in paragraph at lines 107--107
[][]\T1/cmtt/m/it/10 ## to get the while loop started which makes sure we get a
 PKN with exactly two stimuli (not[][] 
 []


Overfull \hbox (12.58653pt too wide) in paragraph at lines 113--113
[]    []\T1/cmtt/m/it/10 ## random Boolean graph without cycles, maximal 25 edg
es, maximal edge size of 1 (normal[][] 
 []


Overfull \hbox (10.85085pt too wide) in paragraph at lines 118--118
[]    []\T1/cmtt/m/n/10 cues[] []<-[] []sort[][]([][]unique[][]([][]gsub[][]([]
[]"!"[][],[] []""[][],[] []unlist[][]([][]strsplit[][]([][]unlist[][]([][]strsp
lit[][](dnf,[] []"="[][])),[] []"\\+"[][])))))[][] 
 []

[2]
Package color Info: Redefining color shadecolor on input line 140.
File: figure/plotpkn.pdf Graphic file (type QTm)
 <use  "figure/plotpkn.pdf" >
Package color Info: Redefining color shadecolor on input line 161.

Overfull \hbox (5.60213pt too wide) in paragraph at lines 177--177
[][]\T1/cmtt/m/n/10 write.table[][](sifMatrix,[] []file[] []=[] []"temp.sif"[][
],[] []sep[] []=[] []"\t"[][],[] []row.names[] []=[] []FALSE[][],[] []col.names
[] []=[] []FALSE[][],[][] 
 []


Overfull \hbox (31.84572pt too wide) in paragraph at lines 183--183
[][]\T1/cmtt/m/n/10 CNOlist[] []<-[] []dummyCNOlist[][]([][]stimuli[] []= stimu
li,[] []inhibitors[] []= inhibitors,[] []maxStim[] []=[] []2[][],[] []maxInhibi
t[] []=[] []1[][],[][] 
 []

[3]
Package color Info: Redefining color shadecolor on input line 202.

Overfull \hbox (37.09444pt too wide) in paragraph at lines 214--214
[][]\T1/cmtt/m/n/10 steadyState2[,[] []grep[][]([][]paste[][](inhibitors,[] []c
ollapse[] []=[] []"|"[][]),[] []colnames[][](steadyState2))][] []<-[] []steadyS
tate2[,[][] 
 []


Overfull \hbox (58.08931pt too wide) in paragraph at lines 225--225
[]    []\T1/cmtt/m/n/10 steadyState2[,[] []grep[][]([][]paste[][](inhibitors,[]
 []collapse[] []=[] []"|"[][]),[] []colnames[][](steadyState2))][] []<-[] []ste
adyState2[,[][] 
 []


Overfull \hbox (16.09956pt too wide) in paragraph at lines 226--226
[]        []\T1/cmtt/m/n/10 grep[][]([][]paste[][](inhibitors,[] []collapse[] [
]=[] []"|"[][]),[] []colnames[][](steadyState2))][] []+[] []CNOlist[][]@[][]inh
ibitors[][] 
 []

[4]
Package color Info: Redefining color shadecolor on input line 235.
File: figure/plotgtn.pdf Graphic file (type QTm)
 <use  "figure/plotgtn.pdf" >
Package color Info: Redefining color shadecolor on input line 256.

Overfull \hbox (0.35341pt too wide) in paragraph at lines 262--262
[][]\T1/cmtt/m/n/10 NEMlist[][]$[][]exprs[] []<-[] []t[][](steadyState)[[][]rep
[][]([][]1[][]:[][]ncol[][](steadyState),[] []10[][]),[] []rep[][]([][]1[][]:[]
[]nrow[][](steadyState),[] []3[][])][][] 
 []


Overfull \hbox (16.09956pt too wide) in paragraph at lines 270--270
[][]\T1/cmtt/m/n/10 stimuli.pairs[] []<-[] []apply[][]([][]apply[][]([][]expand
.grid[][](stimuli, stimuli),[] []c[][]([][]1[][],[] []2[][]), as.character),[] 
[]1[][], paste,[][] 
 []


Overfull \hbox (7.33781pt too wide) in paragraph at lines 273--273
[][]\T1/cmtt/m/it/10 ## this is the usual setup, but \TS1/cmtt/m/it/10 '\T1/cmt
t/m/it/10 computeFc\TS1/cmtt/m/it/10 ' \T1/cmtt/m/it/10 calculates a lot more c
ontrasts, which can also[][] 
 []


Overfull \hbox (16.09956pt too wide) in paragraph at lines 275--275
[][]\T1/cmtt/m/n/10 ERS[] []<-[] []ERS[,[] []grep[][]([][]paste[][]([][]c[][]([
][]paste[][]([][]"Ctrl_vs_"[][],[] []c[][](stimuli, inhibitors),[] []sep[] []=[
] []""[][]),[] []paste[][](stimuli,[][] 
 []


Overfull \hbox (42.34315pt too wide) in paragraph at lines 276--276
[]    []\T1/cmtt/m/n/10 "_vs_"[][], stimuli,[] []"_"[][],[] []rep[][](inhibitor
s,[] []each[] []=[] []length[][](stimuli)),[] []sep[] []=[] []""[][]),[] []past
e[][](stimuli.pairs,[][] 
 []


Overfull \hbox (0.35341pt too wide) in paragraph at lines 277--277
[]    []\T1/cmtt/m/n/10 "_vs_"[][], stimuli.pairs,[] []"_"[][],[] []rep[][](inh
ibitors,[] []each[] []=[] []length[][](stimuli.pairs)),[] []sep[] []=[] []""[][
])),[][] 
 []

[5]
Package color Info: Redefining color shadecolor on input line 310.

Overfull \hbox (89.58162pt too wide) in paragraph at lines 321--321
[][]\T1/cmtt/m/n/10 greedy[] []<-[] []bnem[][]([][]search[] []=[] []"greedy"[][
],[] []CNOlist[] []= CNOlist,[] []NEMlist[] []= NEMlist,[] []model[] []= model,
[] []parallel[] []= parallel,[][] 
 []

[6]
Package color Info: Redefining color shadecolor on input line 349.
File: figure/plotresult.pdf Graphic file (type QTm)
 <use  "figure/plotresult.pdf" >
Package color Info: Redefining color shadecolor on input line 381.

Overfull \hbox (16.09956pt too wide) in paragraph at lines 384--384
[][]\T1/cmtt/m/n/10 print[][]([][]sum[][](bString[] []==[] []1[] []&[] []resStr
ing[] []==[] []1[][])[][]/[][]([][]sum[][](bString[] []==[] []1[] []&[] []resSt
ring[] []==[] []1[][])[] []+[] []sum[][](bString[] []==[][] 
 []


Overfull \hbox (16.09956pt too wide) in paragraph at lines 391--391
[][]\T1/cmtt/m/n/10 print[][]([][]sum[][](bString[] []==[] []0[] []&[] []resStr
ing[] []==[] []0[][])[][]/[][]([][]sum[][](bString[] []==[] []0[] []&[] []resSt
ring[] []==[] []0[][])[] []+[] []sum[][](bString[] []==[][] 
 []


Overfull \hbox (7.33781pt too wide) in paragraph at lines 398--398
[][]\T1/cmtt/m/it/10 ## accuracy of expected response scheme from learned netwo
rk should be high even though the[][] 
 []

[7]
Package color Info: Redefining color shadecolor on input line 415.

Overfull \hbox (73.83546pt too wide) in paragraph at lines 417--417
[][]\T1/cmtt/m/n/10 fitinfo[] []<-[] []validateGraph[][](CNOlist, NEMlist,[] []
model[] []= model,[] []bString[] []= resString,[] []Sgene[] []=[] []1[][],[] []
Egenes[] []=[] []1000[][],[][] 
 []


Overfull \hbox (16.09956pt too wide) in paragraph at lines 418--418
[]    []\T1/cmtt/m/n/10 cexRow[] []=[] []0.8[][],[] []cexCol[] []=[] []0.7[][],
[] []xrot[] []=[] []45[][],[] []disc[] []=[] []0[][],[] []Colv[] []= T,[] []Row
v[] []= T,[] []dendrogram[] []=[] []"both"[][],[][] 
 []

File: figure/visualfit.pdf Graphic file (type QTm)
<use  "figure/visualfit.pdf" > [8]
Package color Info: Redefining color shadecolor on input line 452.

Overfull \hbox (21.34828pt too wide) in paragraph at lines 455--455
[][]\T1/cmtt/m/n/10 genetic[] []<-[] []bnem[][]([][]search[] []=[] []"genetic"[
][],[] []parallel[] []= parallel,[] []CNOlist[] []= CNOlist,[] []NEMlist[] []= 
NEMlist,[][] 
 []


Overfull \hbox (10.85085pt too wide) in paragraph at lines 456--456
[]    []\T1/cmtt/m/n/10 model[] []= model,[] []initBstring[] []= initBstring,[]
 []popSize[] []=[] []10[][],[] []stallGenMax[] []=[] []10[][],[] []graph[] []=[
] []FALSE[][],[][] 
 []

Package color Info: Redefining color shadecolor on input line 478.
Package color Info: Redefining color shadecolor on input line 493.
Package color Info: Redefining color shadecolor on input line 510.
Package color Info: Redefining color shadecolor on input line 527.
[9]
File: figure/plotpkn2.pdf Graphic file (type QTm)
 <use  "figure/plotpkn2.pdf" >
Package color Info: Redefining color shadecolor on input line 550.

Overfull \hbox (5.60213pt too wide) in paragraph at lines 565--565
[][]\T1/cmtt/m/n/10 write.table[][](sifMatrix,[] []file[] []=[] []"temp.sif"[][
],[] []sep[] []=[] []"\t"[][],[] []row.names[] []=[] []FALSE[][],[] []col.names
[] []=[] []FALSE[][],[][] 
 []


Overfull \hbox (31.84572pt too wide) in paragraph at lines 569--569
[][]\T1/cmtt/m/n/10 CNOlist[] []<-[] []dummyCNOlist[][]([][]stimuli[] []= stimu
li,[] []inhibitors[] []= inhibitors,[] []maxStim[] []=[] []2[][],[] []maxInhibi
t[] []=[] []1[][],[][] 
 []


Overfull \hbox (205.05342pt too wide) in paragraph at lines 578--578
[]\T1/cmtt/m/n/10 ## [1] "The following species are measured: A, B, Cinhibit, C
stim, D, E, F, Ginhibit, Gstim, Hinhibit, Hstim, I, Jinhibit, Jstim"[] 
 []


Overfull \hbox (63.33803pt too wide) in paragraph at lines 578--578
[]\T1/cmtt/m/n/10 ## [1] "The following species are inhibited: A, B, Cinhibit, 
D, E, F, Ginhibit, Hinhibit, I, Jinhibit"[] 
 []

[10]
Package color Info: Redefining color shadecolor on input line 583.

Overfull \hbox (37.09444pt too wide) in paragraph at lines 587--587
[][]\T1/cmtt/m/n/10 steadyState2[,[] []grep[][]([][]paste[][](inhibitors,[] []c
ollapse[] []=[] []"|"[][]),[] []colnames[][](steadyState2))][] []<-[] []steadyS
tate2[,[][] 
 []


Overfull \hbox (58.08931pt too wide) in paragraph at lines 592--592
[]    []\T1/cmtt/m/n/10 steadyState2[,[] []grep[][]([][]paste[][](inhibitors,[]
 []collapse[] []=[] []"|"[][]),[] []colnames[][](steadyState2))][] []<-[] []ste
adyState2[,[][] 
 []


Overfull \hbox (16.09956pt too wide) in paragraph at lines 593--593
[]        []\T1/cmtt/m/n/10 grep[][]([][]paste[][](inhibitors,[] []collapse[] [
]=[] []"|"[][]),[] []colnames[][](steadyState2))][] []+[] []CNOlist[][]@[][]inh
ibitors[][] 
 []

Package color Info: Redefining color shadecolor on input line 603.
File: figure/plotgtn2.pdf Graphic file (type QTm)
<use  "figure/plotgtn2.pdf" >
Package color Info: Redefining color shadecolor on input line 623.

Overfull \hbox (0.35341pt too wide) in paragraph at lines 626--626
[][]\T1/cmtt/m/n/10 NEMlist[][]$[][]exprs[] []<-[] []t[][](steadyState)[[][]rep
[][]([][]1[][]:[][]ncol[][](steadyState),[] []10[][]),[] []rep[][]([][]1[][]:[]
[]nrow[][](steadyState),[] []3[][])][][] 
 []


Overfull \hbox (16.09956pt too wide) in paragraph at lines 628--628
[][]\T1/cmtt/m/n/10 stimuli.pairs[] []<-[] []apply[][]([][]apply[][]([][]expand
.grid[][](stimuli, stimuli),[] []c[][]([][]1[][],[] []2[][]), as.character),[] 
[]1[][], paste,[][] 
 []


Overfull \hbox (16.09956pt too wide) in paragraph at lines 630--630
[][]\T1/cmtt/m/n/10 ERS[] []<-[] []ERS[,[] []grep[][]([][]paste[][]([][]c[][]([
][]paste[][]([][]"Ctrl_vs_"[][],[] []c[][](stimuli, inhibitors),[] []sep[] []=[
] []""[][]),[] []paste[][](stimuli,[][] 
 []


Overfull \hbox (42.34315pt too wide) in paragraph at lines 631--631
[]    []\T1/cmtt/m/n/10 "_vs_"[][], stimuli,[] []"_"[][],[] []rep[][](inhibitor
s,[] []each[] []=[] []length[][](stimuli)),[] []sep[] []=[] []""[][]),[] []past
e[][](stimuli.pairs,[][] 
 []


Overfull \hbox (0.35341pt too wide) in paragraph at lines 632--632
[]    []\T1/cmtt/m/n/10 "_vs_"[][], stimuli.pairs,[] []"_"[][],[] []rep[][](inh
ibitors,[] []each[] []=[] []length[][](stimuli.pairs)),[] []sep[] []=[] []""[][
])),[][] 
 []

[11]
Package color Info: Redefining color shadecolor on input line 661.

Overfull \hbox (94.83034pt too wide) in paragraph at lines 664--664
[][]\T1/cmtt/m/n/10 greedy2[] []<-[] []bnem[][]([][]search[] []=[] []"greedy"[]
[],[] []CNOlist[] []= CNOlist,[] []NEMlist[] []= NEMlist,[] []model[] []= model
,[] []parallel[] []= parallel,[][] 
 []

Package color Info: Redefining color shadecolor on input line 686.
File: figure/plotresult2.pdf Graphic file (type QTm)
<use  "figure/plotresult2.pdf" >
Package color Info: Redefining color shadecolor on input line 715.
 [12]
Overfull \hbox (26.597pt too wide) in paragraph at lines 717--717
[][]\T1/cmtt/m/n/10 print[][]([][]sum[][](bString[] []==[] []1[] []&[] []resStr
ing2[] []==[] []1[][])[][]/[][]([][]sum[][](bString[] []==[] []1[] []&[] []resS
tring2[] []==[] []1[][])[] []+[] []sum[][](bString[] []==[][] 
 []


Overfull \hbox (26.597pt too wide) in paragraph at lines 724--724
[][]\T1/cmtt/m/n/10 print[][]([][]sum[][](bString[] []==[] []0[] []&[] []resStr
ing2[] []==[] []0[][])[][]/[][]([][]sum[][](bString[] []==[] []0[] []&[] []resS
tring2[] []==[] []0[][])[] []+[] []sum[][](bString[] []==[][] 
 []

Package color Info: Redefining color shadecolor on input line 743.
[13]
Missing character: There is no – in font pplr9e!
Package atveryend Info: Empty hook `BeforeClearDocument' on input line 781.
 [14]
Package atveryend Info: Empty hook `AfterLastShipout' on input line 781.
 (./vignette.aux)
Package atveryend Info: Empty hook `AtVeryEndDocument' on input line 781.
Package atveryend Info: Empty hook `AtEndAfterFileList' on input line 781.
Package atveryend Info: Empty hook `AtVeryVeryEnd' on input line 781.
 ) 
Here is how much of TeX's memory you used:
 9271 strings out of 493638
 131656 string characters out of 6146797
 209896 words of memory out of 5000000
 12591 multiletter control sequences out of 15000+600000
 27209 words of font info for 55 fonts, out of 8000000 for 9000
 1328 hyphenation exceptions out of 8191
 29i,6n,20p,1681b,392s stack positions out of 5000i,500n,10000p,200000b,80000s

Output written on vignette.pdf (14 pages).
